[19:22:37][no_game_date][systemsettings.cpp:162]: OS: Windows 11 x86_64
[19:22:37][no_game_date][systemsettings.cpp:163]: OS Lang: pt
[19:22:37][no_game_date][systemsettings.cpp:164]: CPU Model: Intel(R) Core(TM) i3-7100 CPU @ 3.90GHz
[19:22:37][no_game_date][systemsettings.cpp:165]: Number of cores: 2 (4)
[19:22:37][no_game_date][systemsettings.cpp:167]: Estimated CPU speed: 0MHz
[19:22:37][no_game_date][systemsettings.cpp:168]: System memory: 8151MB
[19:22:37][no_game_date][gfx_dx11.cpp:3497]: GetGraphicsSettings for Adapter: 0
[19:22:37][no_game_date][gfx_dx11.cpp:3530]: Found Adapter: NVIDIA GeForce GTX 1060 3GB
[19:22:37][no_game_date][gfx_dx11.cpp:3553]: Using Adapter [0] to check for multi-sampling support:
[19:22:37][no_game_date][gfx_dx11.cpp:3591]: Found available multisampling mode: 2 at Quality: 0
[19:22:37][no_game_date][gfx_dx11.cpp:3591]: Found available multisampling mode: 4 at Quality: 0
[19:22:37][no_game_date][gfx_dx11.cpp:3591]: Found available multisampling mode: 8 at Quality: 0
[19:22:37][no_game_date][graphicssettings.cpp:201]: 	2 samples supported.
[19:22:37][no_game_date][graphicssettings.cpp:201]: 	4 samples supported.
[19:22:37][no_game_date][graphicssettings.cpp:201]: 	8 samples supported.
[19:22:37][no_game_date][graphicssettings.cpp:239]: Video adapter: NVIDIA GeForce GTX 1060 3GB
[19:22:37][no_game_date][graphicssettings.cpp:240]: Video driver: DirectX 11
[19:22:37][no_game_date][graphicssettings.cpp:241]: Video driver version: 0.0.0.0
[19:22:37][no_game_date][graphicssettings.cpp:242]: Video memory: 2965
[19:22:37][no_game_date][graphicssettings.cpp:243]: Support for Anisotropic filtering found.
[19:22:37][no_game_date][graphicssettings.cpp:247]: 	Max Anisotropic filtering supported: 16
[19:22:37][no_game_date][graphicssettings.cpp:248]: 	Anisotropic filtering set to: 4
[19:22:58][no_game_date][main.cpp:1913]: Creating application...
[19:22:59][no_game_date][gameapplication.cpp:1188]: Initializing application...
[19:23:03][no_game_date][gameapplication.cpp:1194]: Done initializing application
[19:23:03][no_game_date][gameapplication.cpp:1197]: Loading cursor...
[19:23:06][no_game_date][graphicssettings.cpp:791]: Not using multisampling.
[19:23:06][no_game_date][graphics.cpp:982]: Creating device with: HARDWARE_VERTEXPROCESSING
	Fullscreen=no
	Resolution=1920x1080
	Renderer=DirectX 11
[19:23:06][no_game_date][graphicssettings.cpp:748]: Usable res: 640 480 60
[19:23:06][no_game_date][graphicssettings.cpp:748]: Usable res: 640 480 72
[19:23:06][no_game_date][graphicssettings.cpp:748]: Usable res: 640 480 75
[19:23:06][no_game_date][graphicssettings.cpp:748]: Usable res: 720 480 75
[19:23:06][no_game_date][graphicssettings.cpp:748]: Usable res: 720 480 75
[19:23:06][no_game_date][graphicssettings.cpp:748]: Usable res: 720 480 56
[19:23:06][no_game_date][graphicssettings.cpp:748]: Usable res: 720 480 56
[19:23:06][no_game_date][graphicssettings.cpp:748]: Usable res: 720 480 60
[19:23:06][no_game_date][graphicssettings.cpp:748]: Usable res: 720 480 60
[19:23:06][no_game_date][graphicssettings.cpp:748]: Usable res: 720 480 72
[19:23:06][no_game_date][graphicssettings.cpp:748]: Usable res: 720 480 72
[19:23:06][no_game_date][graphicssettings.cpp:748]: Usable res: 720 576 75
[19:23:06][no_game_date][graphicssettings.cpp:748]: Usable res: 720 576 75
[19:23:06][no_game_date][graphicssettings.cpp:748]: Usable res: 720 576 56
[19:23:06][no_game_date][graphicssettings.cpp:748]: Usable res: 720 576 56
[19:23:06][no_game_date][graphicssettings.cpp:748]: Usable res: 720 576 60
[19:23:06][no_game_date][graphicssettings.cpp:748]: Usable res: 720 576 60
[19:23:06][no_game_date][graphicssettings.cpp:748]: Usable res: 720 576 72
[19:23:06][no_game_date][graphicssettings.cpp:748]: Usable res: 720 576 72
[19:23:06][no_game_date][graphicssettings.cpp:748]: Usable res: 800 600 75
[19:23:06][no_game_date][graphicssettings.cpp:748]: Usable res: 800 600 56
[19:23:06][no_game_date][graphicssettings.cpp:748]: Usable res: 800 600 60
[19:23:06][no_game_date][graphicssettings.cpp:748]: Usable res: 800 600 72
[19:23:06][no_game_date][graphicssettings.cpp:748]: Usable res: 1024 768 60
[19:23:06][no_game_date][graphicssettings.cpp:748]: Usable res: 1024 768 70
[19:23:06][no_game_date][graphicssettings.cpp:748]: Usable res: 1024 768 75
[19:23:06][no_game_date][graphicssettings.cpp:748]: Usable res: 1152 864 59
[19:23:06][no_game_date][graphicssettings.cpp:748]: Usable res: 1152 864 59
[19:23:06][no_game_date][graphicssettings.cpp:748]: Usable res: 1280 720 60
[19:23:06][no_game_date][graphicssettings.cpp:748]: Usable res: 1280 768 59
[19:23:06][no_game_date][graphicssettings.cpp:748]: Usable res: 1280 768 59
[19:23:06][no_game_date][graphicssettings.cpp:748]: Usable res: 1280 800 59
[19:23:06][no_game_date][graphicssettings.cpp:748]: Usable res: 1280 800 59
[19:23:06][no_game_date][graphicssettings.cpp:748]: Usable res: 1280 960 60
[19:23:07][no_game_date][graphicssettings.cpp:748]: Usable res: 1280 1024 60
[19:23:07][no_game_date][graphicssettings.cpp:748]: Usable res: 1280 1024 75
[19:23:07][no_game_date][graphicssettings.cpp:748]: Usable res: 1360 768 59
[19:23:07][no_game_date][graphicssettings.cpp:748]: Usable res: 1360 768 59
[19:23:07][no_game_date][graphicssettings.cpp:748]: Usable res: 1366 768 59
[19:23:07][no_game_date][graphicssettings.cpp:748]: Usable res: 1366 768 59
[19:23:07][no_game_date][graphicssettings.cpp:748]: Usable res: 1440 900 59
[19:23:07][no_game_date][graphicssettings.cpp:748]: Usable res: 1440 1080 60
[19:23:07][no_game_date][graphicssettings.cpp:748]: Usable res: 1440 1080 60
[19:23:07][no_game_date][graphicssettings.cpp:748]: Usable res: 1600 900 59
[19:23:07][no_game_date][graphicssettings.cpp:748]: Usable res: 1600 900 59
[19:23:07][no_game_date][graphicssettings.cpp:748]: Usable res: 1600 1024 59
[19:23:07][no_game_date][graphicssettings.cpp:748]: Usable res: 1600 1024 59
[19:23:07][no_game_date][graphicssettings.cpp:748]: Usable res: 1680 1050 59
[19:23:07][no_game_date][graphicssettings.cpp:748]: Usable res: 1920 1080 60
[19:23:07][no_game_date][graphics.cpp:1017]: Done creating device.
[19:33:07][1936.01.01.12][gameapplication.cpp:1443]: Version: Bolivar v1.14.10.51f5 (11eb) build time: Oct 14 2024 06:44:07
[19:33:07][1936.01.01.12][gameapplication.cpp:1448]: Active DLC Count: 22
[19:33:07][1936.01.01.12][gameapplication.cpp:1449]: Active Mod Count: 53
[19:33:07][1936.01.01.12][gameapplication.cpp:1453]: Active DLC: Allied Armor Pack
[19:33:07][1936.01.01.12][gameapplication.cpp:1453]: Active DLC: Anniversary Pack
[19:33:07][1936.01.01.12][gameapplication.cpp:1453]: Active DLC: Arms Against Tyranny
[19:33:07][1936.01.01.12][gameapplication.cpp:1453]: Active DLC: Axis Armor Pack
[19:33:07][1936.01.01.12][gameapplication.cpp:1453]: Active DLC: Battle for the Bosporus
[19:33:07][1936.01.01.12][gameapplication.cpp:1453]: Active DLC: British Tanks Unit Pack
[19:33:07][1936.01.01.12][gameapplication.cpp:1453]: Active DLC: By Blood Alone
[19:33:07][1936.01.01.12][gameapplication.cpp:1453]: Active DLC: By Blood Alone Preorder Bonus
[19:33:07][1936.01.01.12][gameapplication.cpp:1453]: Active DLC: Eastern Front Planes Pack
[19:33:07][1936.01.01.12][gameapplication.cpp:1453]: Active DLC: French Tanks Unit Pack
[19:33:07][1936.01.01.12][gameapplication.cpp:1453]: Active DLC: German Tanks Unit Pack
[19:33:07][1936.01.01.12][gameapplication.cpp:1453]: Active DLC: Heavy Cruisers Unit Pack
[19:33:07][1936.01.01.12][gameapplication.cpp:1453]: Active DLC: Historical German Portraits
[19:33:07][1936.01.01.12][gameapplication.cpp:1453]: Active DLC: La Resistance
[19:33:07][1936.01.01.12][gameapplication.cpp:1453]: Active DLC: Man the Guns
[19:33:07][1936.01.01.12][gameapplication.cpp:1453]: Active DLC: No Step Back
[19:33:07][1936.01.01.12][gameapplication.cpp:1453]: Active DLC: Poland: United and Ready
[19:33:07][1936.01.01.12][gameapplication.cpp:1453]: Active DLC: Rocket Launcher Unit Pack
[19:33:07][1936.01.01.12][gameapplication.cpp:1453]: Active DLC: Sabaton Soundtrack
[19:33:07][1936.01.01.12][gameapplication.cpp:1453]: Active DLC: Soviet Tanks Unit Pack
[19:33:07][1936.01.01.12][gameapplication.cpp:1453]: Active DLC: Trial of Allegiance
[19:33:07][1936.01.01.12][gameapplication.cpp:1453]: Active DLC: US Tanks Unit Pack
[19:33:07][1936.01.01.12][gameapplication.cpp:1458]: Active Mod: 12 Support Companies 1.11 Compat
[19:33:07][1936.01.01.12][gameapplication.cpp:1458]: Active Mod: 25 Factories
[19:33:07][1936.01.01.12][gameapplication.cpp:1458]: Active Mod: 250 COMMAND POWER LIMIT
[19:33:07][1936.01.01.12][gameapplication.cpp:1458]: Active Mod: Additional Effects: RE-loaded
[19:33:07][1936.01.01.12][gameapplication.cpp:1458]: Active Mod: Allied Construction Projects
[19:33:07][1936.01.01.12][gameapplication.cpp:1458]: Active Mod: Alternative Flags Reupload
[19:33:07][1936.01.01.12][gameapplication.cpp:1458]: Active Mod: Alternative Naval Base Icons
[19:33:07][1936.01.01.12][gameapplication.cpp:1458]: Active Mod: Base Equipment Capture Ratio
[19:33:07][1936.01.01.12][gameapplication.cpp:1458]: Active Mod: Better Government
[19:33:07][1936.01.01.12][gameapplication.cpp:1458]: Active Mod: Better Mechanics  : Optimization
[19:33:07][1936.01.01.12][gameapplication.cpp:1458]: Active Mod: Better Mechanics : Frontline AI | Updated
[19:33:07][1936.01.01.12][gameapplication.cpp:1458]: Active Mod: Better Mechanics : More Advisors
[19:33:07][1936.01.01.12][gameapplication.cpp:1458]: Active Mod: Better Mechanics : More Spies
[19:33:07][1936.01.01.12][gameapplication.cpp:1458]: Active Mod: Better Mechanics : Officer Corps
[19:33:07][1936.01.01.12][gameapplication.cpp:1458]: Active Mod: Better Mechanics : War Exhaustion
[19:33:07][1936.01.01.12][gameapplication.cpp:1458]: Active Mod: Civilian Industrial Complex
[19:33:07][1936.01.01.12][gameapplication.cpp:1458]: Active Mod: Coloured Buttons Updated
[19:33:07][1936.01.01.12][gameapplication.cpp:1458]: Active Mod: Combat Width Redesigned Rebirth
[19:33:07][1936.01.01.12][gameapplication.cpp:1458]: Active Mod: Decisions & Formables Plus
[19:33:07][1936.01.01.12][gameapplication.cpp:1458]: Active Mod: Embargo Mod
[19:33:07][1936.01.01.12][gameapplication.cpp:1458]: Active Mod: Exile governments and puppets for all ideologies RT56 edit
[19:33:07][1936.01.01.12][gameapplication.cpp:1458]: Active Mod: Expanded Continuous Focuses - Road to 56 Compatibility
[19:33:07][1936.01.01.12][gameapplication.cpp:1458]: Active Mod: Formable Nations (3rewster)
[19:33:07][1936.01.01.12][gameapplication.cpp:1458]: Active Mod: Improved Dockyard Limit
[19:33:07][1936.01.01.12][gameapplication.cpp:1458]: Active Mod: Landlord
[19:33:07][1936.01.01.12][gameapplication.cpp:1458]: Active Mod: Larger Theater Box
[19:33:07][1936.01.01.12][gameapplication.cpp:1458]: Active Mod: Military Decisions +
[19:33:07][1936.01.01.12][gameapplication.cpp:1458]: Active Mod: Modifier Icons
[19:33:07][1936.01.01.12][gameapplication.cpp:1458]: Active Mod: More Decisions
[19:33:07][1936.01.01.12][gameapplication.cpp:1458]: Active Mod: More Division Icons Fixed
[19:33:07][1936.01.01.12][gameapplication.cpp:1458]: Active Mod: More Medals
[19:33:07][1936.01.01.12][gameapplication.cpp:1458]: Active Mod: More Ranks for Generals and Tweeked (less) XP to lvl UP
[19:33:07][1936.01.01.12][gameapplication.cpp:1458]: Active Mod: More Support Tanks
[19:33:07][1936.01.01.12][gameapplication.cpp:1458]: Active Mod: Pipe's Formable Puppets
[19:33:07][1936.01.01.12][gameapplication.cpp:1458]: Active Mod: Pipe's Formable Puppets - RT56 Patch
[19:33:07][1936.01.01.12][gameapplication.cpp:1458]: Active Mod: Propaganda Campaigns
[19:33:07][1936.01.01.12][gameapplication.cpp:1458]: Active Mod: Propaganda Campaigns: Italy
[19:33:07][1936.01.01.12][gameapplication.cpp:1458]: Active Mod: Propaganda Campaigns: Pacific
[19:33:07][1936.01.01.12][gameapplication.cpp:1458]: Active Mod: Puppet Flags & Colors Reupload
[19:33:07][1936.01.01.12][gameapplication.cpp:1458]: Active Mod: Puppet Manager
[19:33:07][1936.01.01.12][gameapplication.cpp:1458]: Active Mod: Realistic Nukes - Updated
[19:33:07][1936.01.01.12][gameapplication.cpp:1458]: Active Mod: Recall Volunteers
[19:33:07][1936.01.01.12][gameapplication.cpp:1458]: Active Mod: Rename Factions (with keyboard!)
[19:33:07][1936.01.01.12][gameapplication.cpp:1458]: Active Mod: Reworked air designer RT56 Burner edition
[19:33:07][1936.01.01.12][gameapplication.cpp:1458]: Active Mod: State constructions improved updated
[19:33:07][1936.01.01.12][gameapplication.cpp:1458]: Active Mod: Tannu Tuva Improved
[19:33:07][1936.01.01.12][gameapplication.cpp:1458]: Active Mod: The Road To 56: No Puppet Division Spam
[19:33:07][1936.01.01.12][gameapplication.cpp:1458]: Active Mod: The Road to 56
[19:33:07][1936.01.01.12][gameapplication.cpp:1458]: Active Mod: VNR - No AA gun limits for small warships
[19:33:07][1936.01.01.12][gameapplication.cpp:1458]: Active Mod: VNR RT56 Compatch
[19:33:07][1936.01.01.12][gameapplication.cpp:1458]: Active Mod: Vanilla Navy Rework
[19:33:07][1936.01.01.12][gameapplication.cpp:1458]: Active Mod: We Shall Never Surrender - Desperate Defence
[19:33:07][1936.01.01.12][gameapplication.cpp:1458]: Active Mod: {AIGFX} Visible Railroads
